eps annealing step: 6e-06
Ep 1 - ite 335/300000 - reward 0 - eps 1.00 - loss 0.10 - rm load 0.11% - uptime 0.28m - remaining 247.20m
Ep 2 - ite 1156/300000 - reward 3 - eps 0.99 - loss 0.02 - rm load 0.39% - uptime 1.01m - remaining 260.73m
Ep 3 - ite 1905/300000 - reward 3 - eps 0.99 - loss 0.01 - rm load 0.64% - uptime 1.66m - remaining 260.53m
Ep 4 - ite 2540/300000 - reward 2 - eps 0.98 - loss 0.02 - rm load 0.85% - uptime 2.17m - remaining 253.68m
Ep 5 - ite 3175/300000 - reward 2 - eps 0.98 - loss 0.01 - rm load 1.06% - uptime 2.73m - remaining 254.83m
Ep 6 - ite 3810/300000 - reward 2 - eps 0.98 - loss 0.01 - rm load 1.27% - uptime 3.29m - remaining 255.89m
Ep 7 - ite 4145/300000 - reward 0 - eps 0.98 - loss 0.01 - rm load 1.38% - uptime 3.60m - remaining 256.77m
Ep 8 - ite 4594/300000 - reward 1 - eps 0.97 - loss 0.01 - rm load 1.53% - uptime 3.99m - remaining 256.87m
Ep 9 - ite 4929/300000 - reward 0 - eps 0.97 - loss 0.01 - rm load 1.64% - uptime 4.30m - remaining 257.20m
Ep 10 - ite 5378/300000 - reward 1 - eps 0.97 - loss 0.02 - rm load 1.79% - uptime 4.70m - remaining 257.68m
Ep 11 - ite 6013/300000 - reward 2 - eps 0.96 - loss 0.02 - rm load 2.00% - uptime 5.28m - remaining 258.30m
Ep 12 - ite 6660/300000 - reward 2 - eps 0.96 - loss 0.02 - rm load 2.22% - uptime 5.87m - remaining 258.45m
Ep 13 - ite 7181/300000 - reward 1 - eps 0.96 - loss 0.02 - rm load 2.39% - uptime 6.33m - remaining 258.12m
Ep 14 - ite 7516/300000 - reward 0 - eps 0.95 - loss 0.01 - rm load 2.51% - uptime 6.58m - remaining 256.13m
Ep 15 - ite 8339/300000 - reward 3 - eps 0.95 - loss 0.01 - rm load 2.78% - uptime 7.32m - remaining 256.11m
Ep 16 - ite 8674/300000 - reward 0 - eps 0.95 - loss 0.01 - rm load 2.89% - uptime 7.63m - remaining 256.24m
Ep 17 - ite 9309/300000 - reward 2 - eps 0.94 - loss 0.01 - rm load 3.10% - uptime 8.21m - remaining 256.47m
Ep 18 - ite 9944/300000 - reward 2 - eps 0.94 - loss 0.02 - rm load 3.31% - uptime 8.79m - remaining 256.51m
Ep 19 - ite 10393/300000 - reward 1 - eps 0.94 - loss 0.02 - rm load 3.46% - uptime 9.20m - remaining 256.38m
Ep 20 - ite 10842/300000 - reward 1 - eps 0.93 - loss 0.02 - rm load 3.61% - uptime 9.61m - remaining 256.26m
Ep 21 - ite 11563/300000 - reward 2 - eps 0.93 - loss 0.01 - rm load 3.85% - uptime 10.21m - remaining 254.67m
Ep 22 - ite 12084/300000 - reward 1 - eps 0.93 - loss 0.01 - rm load 4.03% - uptime 10.66m - remaining 254.02m
Ep 23 - ite 12605/300000 - reward 1 - eps 0.92 - loss 0.02 - rm load 4.20% - uptime 11.13m - remaining 253.87m
Ep 24 - ite 12940/300000 - reward 0 - eps 0.92 - loss 0.02 - rm load 4.31% - uptime 11.44m - remaining 253.76m
Ep 25 - ite 13461/300000 - reward 1 - eps 0.92 - loss 0.01 - rm load 4.49% - uptime 11.92m - remaining 253.77m
Ep 26 - ite 13910/300000 - reward 1 - eps 0.92 - loss 0.02 - rm load 4.64% - uptime 12.33m - remaining 253.51m
Ep 27 - ite 14245/300000 - reward 0 - eps 0.91 - loss 0.01 - rm load 4.75% - uptime 12.63m - remaining 253.34m
Ep 28 - ite 14697/300000 - reward 1 - eps 0.91 - loss 0.02 - rm load 4.90% - uptime 13.00m - remaining 252.39m
Ep 29 - ite 15032/300000 - reward 0 - eps 0.91 - loss 0.02 - rm load 5.01% - uptime 13.29m - remaining 251.86m
Ep 30 - ite 15753/300000 - reward 2 - eps 0.91 - loss 0.01 - rm load 5.25% - uptime 13.94m - remaining 251.62m
Ep 31 - ite 16202/300000 - reward 1 - eps 0.90 - loss 0.02 - rm load 5.40% - uptime 14.35m - remaining 251.38m
Ep 32 - ite 16735/300000 - reward 1 - eps 0.90 - loss 0.01 - rm load 5.58% - uptime 14.84m - remaining 251.26m
Ep 33 - ite 17070/300000 - reward 0 - eps 0.90 - loss 0.02 - rm load 5.69% - uptime 15.15m - remaining 251.17m
Ep 34 - ite 18145/300000 - reward 5 - eps 0.89 - loss 0.02 - rm load 6.05% - uptime 16.13m - remaining 250.61m
Ep 35 - ite 18480/300000 - reward 0 - eps 0.89 - loss 0.01 - rm load 6.16% - uptime 16.44m - remaining 250.42m
Ep 36 - ite 18929/300000 - reward 1 - eps 0.89 - loss 0.02 - rm load 6.31% - uptime 16.85m - remaining 250.20m
Ep 37 - ite 19636/300000 - reward 2 - eps 0.88 - loss 0.01 - rm load 6.55% - uptime 17.50m - remaining 249.92m
Ep 38 - ite 19971/300000 - reward 0 - eps 0.88 - loss 0.01 - rm load 6.66% - uptime 17.81m - remaining 249.70m
Ep 39 - ite 20306/300000 - reward 0 - eps 0.88 - loss 0.02 - rm load 6.77% - uptime 18.12m - remaining 249.55m
Ep 40 - ite 20641/300000 - reward 0 - eps 0.88 - loss 0.02 - rm load 6.88% - uptime 18.43m - remaining 249.40m
Ep 41 - ite 20976/300000 - reward 0 - eps 0.87 - loss 0.01 - rm load 6.99% - uptime 18.74m - remaining 249.27m
Ep 42 - ite 21687/300000 - reward 2 - eps 0.87 - loss 0.02 - rm load 7.23% - uptime 19.42m - remaining 249.26m
Ep 43 - ite 22022/300000 - reward 0 - eps 0.87 - loss 0.01 - rm load 7.34% - uptime 19.74m - remaining 249.19m
Ep 44 - ite 22661/300000 - reward 2 - eps 0.86 - loss 0.02 - rm load 7.55% - uptime 20.35m - remaining 248.99m
Ep 45 - ite 22996/300000 - reward 0 - eps 0.86 - loss 0.02 - rm load 7.67% - uptime 20.65m - remaining 248.80m
Ep 46 - ite 23707/300000 - reward 2 - eps 0.86 - loss 0.02 - rm load 7.90% - uptime 21.31m - remaining 248.40m
Ep 47 - ite 24478/300000 - reward 3 - eps 0.85 - loss 0.01 - rm load 8.16% - uptime 22.03m - remaining 247.98m
Ep 48 - ite 24927/300000 - reward 1 - eps 0.85 - loss 0.02 - rm load 8.31% - uptime 22.44m - remaining 247.64m
Ep 49 - ite 25844/300000 - reward 3 - eps 0.84 - loss 0.02 - rm load 8.61% - uptime 23.29m - remaining 247.04m
Ep 50 - ite 26367/300000 - reward 1 - eps 0.84 - loss 0.02 - rm load 8.79% - uptime 23.77m - remaining 246.72m
Ep 51 - ite 26816/300000 - reward 1 - eps 0.84 - loss 0.02 - rm load 8.94% - uptime 24.19m - remaining 246.40m
Ep 52 - ite 27151/300000 - reward 0 - eps 0.84 - loss 0.01 - rm load 9.05% - uptime 24.50m - remaining 246.23m
Ep 53 - ite 27486/300000 - reward 0 - eps 0.84 - loss 0.02 - rm load 9.16% - uptime 24.81m - remaining 246.00m
Ep 54 - ite 28593/300000 - reward 4 - eps 0.83 - loss 0.02 - rm load 9.53% - uptime 25.84m - remaining 245.31m
Ep 55 - ite 29228/300000 - reward 2 - eps 0.82 - loss 0.02 - rm load 9.74% - uptime 26.40m - remaining 244.58m
Ep 56 - ite 30327/300000 - reward 4 - eps 0.82 - loss 0.01 - rm load 10.11% - uptime 27.37m - remaining 243.36m
Ep 57 - ite 30662/300000 - reward 0 - eps 0.82 - loss 0.02 - rm load 10.22% - uptime 27.68m - remaining 243.12m
Ep 58 - ite 31497/300000 - reward 3 - eps 0.81 - loss 0.02 - rm load 10.50% - uptime 28.45m - remaining 242.56m
Ep 59 - ite 32030/300000 - reward 1 - eps 0.81 - loss 0.02 - rm load 10.68% - uptime 28.90m - remaining 241.77m
Ep 60 - ite 32743/300000 - reward 2 - eps 0.80 - loss 0.01 - rm load 10.91% - uptime 29.54m - remaining 241.14m
Ep 61 - ite 33390/300000 - reward 2 - eps 0.80 - loss 0.02 - rm load 11.13% - uptime 30.14m - remaining 240.69m
Ep 62 - ite 33913/300000 - reward 1 - eps 0.80 - loss 0.02 - rm load 11.30% - uptime 30.64m - remaining 240.44m
Ep 63 - ite 34248/300000 - reward 0 - eps 0.79 - loss 0.01 - rm load 11.42% - uptime 30.96m - remaining 240.26m
Ep 64 - ite 34583/300000 - reward 0 - eps 0.79 - loss 0.01 - rm load 11.53% - uptime 31.28m - remaining 240.04m
Ep 65 - ite 34918/300000 - reward 0 - eps 0.79 - loss 0.02 - rm load 11.64% - uptime 31.59m - remaining 239.83m
Ep 66 - ite 35253/300000 - reward 0 - eps 0.79 - loss 0.01 - rm load 11.75% - uptime 31.91m - remaining 239.62m
Ep 67 - ite 35588/300000 - reward 0 - eps 0.79 - loss 0.02 - rm load 11.86% - uptime 32.23m - remaining 239.43m
Ep 68 - ite 35923/300000 - reward 0 - eps 0.78 - loss 0.02 - rm load 11.97% - uptime 32.54m - remaining 239.20m
Ep 69 - ite 36446/300000 - reward 1 - eps 0.78 - loss 0.02 - rm load 12.15% - uptime 33.03m - remaining 238.82m
Ep 70 - ite 36781/300000 - reward 0 - eps 0.78 - loss 0.02 - rm load 12.26% - uptime 33.35m - remaining 238.65m
Ep 71 - ite 37116/300000 - reward 0 - eps 0.78 - loss 0.02 - rm load 12.37% - uptime 33.68m - remaining 238.52m
Ep 72 - ite 37451/300000 - reward 0 - eps 0.78 - loss 0.02 - rm load 12.48% - uptime 34.01m - remaining 238.41m
Ep 73 - ite 37786/300000 - reward 0 - eps 0.77 - loss 0.01 - rm load 12.60% - uptime 34.34m - remaining 238.33m
Ep 74 - ite 38235/300000 - reward 1 - eps 0.77 - loss 0.02 - rm load 12.74% - uptime 34.78m - remaining 238.14m
Ep 75 - ite 39158/300000 - reward 3 - eps 0.77 - loss 0.02 - rm load 13.05% - uptime 35.69m - remaining 237.76m
Ep 76 - ite 40097/300000 - reward 4 - eps 0.76 - loss 0.02 - rm load 13.37% - uptime 36.59m - remaining 237.15m
Ep 77 - ite 40432/300000 - reward 0 - eps 0.76 - loss 0.02 - rm load 13.48% - uptime 36.90m - remaining 236.90m
Ep 78 - ite 40953/300000 - reward 1 - eps 0.75 - loss 0.01 - rm load 13.65% - uptime 37.40m - remaining 236.54m
Ep 79 - ite 41484/300000 - reward 1 - eps 0.75 - loss 0.02 - rm load 13.83% - uptime 37.90m - remaining 236.17m
Ep 80 - ite 42181/300000 - reward 3 - eps 0.75 - loss 0.02 - rm load 14.06% - uptime 38.56m - remaining 235.69m
Ep 81 - ite 42930/300000 - reward 3 - eps 0.74 - loss 0.02 - rm load 14.31% - uptime 39.27m - remaining 235.18m
Ep 82 - ite 43655/300000 - reward 2 - eps 0.74 - loss 0.01 - rm load 14.55% - uptime 40.02m - remaining 234.98m
Ep 83 - ite 43990/300000 - reward 0 - eps 0.74 - loss 0.01 - rm load 14.66% - uptime 40.35m - remaining 234.83m
Ep 84 - ite 44625/300000 - reward 2 - eps 0.73 - loss 0.02 - rm load 14.88% - uptime 40.97m - remaining 234.45m
Ep 85 - ite 45076/300000 - reward 1 - eps 0.73 - loss 0.02 - rm load 15.03% - uptime 41.41m - remaining 234.21m
Ep 86 - ite 46024/300000 - reward 4 - eps 0.72 - loss 0.02 - rm load 15.34% - uptime 42.34m - remaining 233.66m
Ep 87 - ite 46359/300000 - reward 0 - eps 0.72 - loss 0.02 - rm load 15.45% - uptime 42.67m - remaining 233.45m
Ep 88 - ite 46882/300000 - reward 1 - eps 0.72 - loss 0.02 - rm load 15.63% - uptime 43.17m - remaining 233.09m
Ep 89 - ite 47517/300000 - reward 2 - eps 0.71 - loss 0.02 - rm load 15.84% - uptime 43.79m - remaining 232.69m
Ep 90 - ite 47966/300000 - reward 1 - eps 0.71 - loss 0.02 - rm load 15.99% - uptime 44.23m - remaining 232.39m
Ep 91 - ite 48301/300000 - reward 0 - eps 0.71 - loss 0.01 - rm load 16.10% - uptime 44.56m - remaining 232.19m
Ep 92 - ite 48636/300000 - reward 0 - eps 0.71 - loss 0.01 - rm load 16.21% - uptime 44.89m - remaining 231.98m
Ep 93 - ite 48971/300000 - reward 0 - eps 0.71 - loss 0.01 - rm load 16.32% - uptime 45.21m - remaining 231.75m
Ep 94 - ite 49420/300000 - reward 1 - eps 0.70 - loss 0.02 - rm load 16.47% - uptime 45.65m - remaining 231.48m
Ep 95 - ite 49755/300000 - reward 0 - eps 0.70 - loss 0.02 - rm load 16.59% - uptime 45.98m - remaining 231.28m
Ep 96 - ite 50474/300000 - reward 2 - eps 0.70 - loss 0.02 - rm load 16.82% - uptime 46.68m - remaining 230.79m
Ep 97 - ite 50923/300000 - reward 1 - eps 0.69 - loss 0.01 - rm load 16.97% - uptime 47.12m - remaining 230.48m
Ep 98 - ite 51258/300000 - reward 0 - eps 0.69 - loss 0.02 - rm load 17.09% - uptime 47.45m - remaining 230.28m
Ep 99 - ite 51789/300000 - reward 1 - eps 0.69 - loss 0.01 - rm load 17.26% - uptime 47.98m - remaining 229.95m
Ep 100 - ite 52238/300000 - reward 1 - eps 0.69 - loss 0.01 - rm load 17.41% - uptime 48.43m - remaining 229.68m
Ep 101 - ite 52947/300000 - reward 2 - eps 0.68 - loss 0.02 - rm load 17.65% - uptime 49.12m - remaining 229.20m
Ep 102 - ite 53396/300000 - reward 1 - eps 0.68 - loss 0.02 - rm load 17.80% - uptime 49.57m - remaining 228.93m
Ep 103 - ite 53731/300000 - reward 0 - eps 0.68 - loss 0.01 - rm load 17.91% - uptime 49.90m - remaining 228.71m
Ep 104 - ite 54066/300000 - reward 0 - eps 0.68 - loss 0.02 - rm load 18.02% - uptime 50.23m - remaining 228.51m
Ep 105 - ite 55099/300000 - reward 4 - eps 0.67 - loss 0.02 - rm load 18.37% - uptime 51.25m - remaining 227.80m
Ep 106 - ite 55434/300000 - reward 0 - eps 0.67 - loss 0.02 - rm load 18.48% - uptime 51.58m - remaining 227.56m
Ep 107 - ite 55769/300000 - reward 0 - eps 0.67 - loss 0.01 - rm load 18.59% - uptime 51.91m - remaining 227.34m
Ep 108 - ite 56218/300000 - reward 1 - eps 0.66 - loss 0.02 - rm load 18.74% - uptime 52.36m - remaining 227.05m
Ep 109 - ite 56741/300000 - reward 1 - eps 0.66 - loss 0.02 - rm load 18.91% - uptime 52.88m - remaining 226.71m
Ep 110 - ite 57190/300000 - reward 1 - eps 0.66 - loss 0.02 - rm load 19.06% - uptime 53.32m - remaining 226.40m
Ep 111 - ite 57837/300000 - reward 2 - eps 0.65 - loss 0.02 - rm load 19.28% - uptime 53.97m - remaining 225.96m
Ep 112 - ite 58400/300000 - reward 2 - eps 0.65 - loss 0.01 - rm load 19.47% - uptime 54.53m - remaining 225.57m
Ep 113 - ite 58735/300000 - reward 0 - eps 0.65 - loss 0.01 - rm load 19.58% - uptime 54.86m - remaining 225.34m
Ep 114 - ite 59756/300000 - reward 4 - eps 0.64 - loss 0.02 - rm load 19.92% - uptime 55.86m - remaining 224.59m
Ep 115 - ite 60277/300000 - reward 1 - eps 0.64 - loss 0.02 - rm load 20.09% - uptime 56.37m - remaining 224.20m
Ep 116 - ite 60612/300000 - reward 0 - eps 0.64 - loss 0.02 - rm load 20.20% - uptime 56.70m - remaining 223.95m
Ep 117 - ite 61247/300000 - reward 2 - eps 0.63 - loss 0.02 - rm load 20.42% - uptime 57.27m - remaining 223.24m
Ep 118 - ite 61582/300000 - reward 0 - eps 0.63 - loss 0.01 - rm load 20.53% - uptime 57.59m - remaining 222.98m
Ep 119 - ite 61917/300000 - reward 0 - eps 0.63 - loss 0.02 - rm load 20.64% - uptime 57.92m - remaining 222.71m
Ep 120 - ite 62552/300000 - reward 2 - eps 0.62 - loss 0.02 - rm load 20.85% - uptime 58.49m - remaining 222.01m
Ep 121 - ite 62887/300000 - reward 0 - eps 0.62 - loss 0.02 - rm load 20.96% - uptime 58.81m - remaining 221.75m
Ep 122 - ite 63412/300000 - reward 1 - eps 0.62 - loss 0.01 - rm load 21.14% - uptime 59.33m - remaining 221.36m
Ep 123 - ite 63747/300000 - reward 0 - eps 0.62 - loss 0.01 - rm load 21.25% - uptime 59.66m - remaining 221.12m
Ep 124 - ite 64382/300000 - reward 2 - eps 0.61 - loss 0.02 - rm load 21.46% - uptime 60.32m - remaining 220.74m
Ep 125 - ite 64717/300000 - reward 0 - eps 0.61 - loss 0.01 - rm load 21.57% - uptime 60.67m - remaining 220.55m
Ep 126 - ite 65434/300000 - reward 2 - eps 0.61 - loss 0.02 - rm load 21.81% - uptime 61.38m - remaining 220.02m
Ep 127 - ite 66269/300000 - reward 3 - eps 0.60 - loss 0.02 - rm load 22.09% - uptime 62.21m - remaining 219.41m
Ep 128 - ite 67106/300000 - reward 3 - eps 0.60 - loss 0.01 - rm load 22.37% - uptime 63.03m - remaining 218.76m
Ep 129 - ite 67441/300000 - reward 0 - eps 0.60 - loss 0.01 - rm load 22.48% - uptime 63.37m - remaining 218.52m
Ep 130 - ite 67776/300000 - reward 0 - eps 0.59 - loss 0.01 - rm load 22.59% - uptime 63.70m - remaining 218.26m
Ep 131 - ite 68111/300000 - reward 0 - eps 0.59 - loss 0.02 - rm load 22.70% - uptime 64.03m - remaining 217.98m
Ep 132 - ite 68560/300000 - reward 1 - eps 0.59 - loss 0.01 - rm load 22.85% - uptime 64.47m - remaining 217.62m
Ep 133 - ite 69195/300000 - reward 2 - eps 0.58 - loss 0.02 - rm load 23.07% - uptime 65.09m - remaining 217.13m
Ep 134 - ite 69728/300000 - reward 1 - eps 0.58 - loss 0.02 - rm load 23.24% - uptime 65.62m - remaining 216.72m
Ep 135 - ite 70063/300000 - reward 0 - eps 0.58 - loss 0.01 - rm load 23.35% - uptime 65.96m - remaining 216.48m
Ep 136 - ite 70586/300000 - reward 1 - eps 0.58 - loss 0.01 - rm load 23.53% - uptime 66.48m - remaining 216.06m
Ep 137 - ite 71043/300000 - reward 1 - eps 0.57 - loss 0.02 - rm load 23.68% - uptime 66.94m - remaining 215.72m
Ep 138 - ite 71378/300000 - reward 0 - eps 0.57 - loss 0.01 - rm load 23.79% - uptime 67.27m - remaining 215.46m
Ep 139 - ite 72085/300000 - reward 2 - eps 0.57 - loss 0.02 - rm load 24.03% - uptime 67.96m - remaining 214.89m
Ep 140 - ite 72534/300000 - reward 1 - eps 0.56 - loss 0.02 - rm load 24.18% - uptime 68.41m - remaining 214.54m
Ep 141 - ite 72983/300000 - reward 1 - eps 0.56 - loss 0.02 - rm load 24.33% - uptime 68.85m - remaining 214.18m
Ep 142 - ite 73702/300000 - reward 2 - eps 0.56 - loss 0.02 - rm load 24.57% - uptime 69.56m - remaining 213.59m
Ep 143 - ite 74037/300000 - reward 0 - eps 0.56 - loss 0.02 - rm load 24.68% - uptime 69.89m - remaining 213.30m
Ep 144 - ite 74672/300000 - reward 2 - eps 0.55 - loss 0.02 - rm load 24.89% - uptime 70.52m - remaining 212.79m
Ep 145 - ite 75195/300000 - reward 1 - eps 0.55 - loss 0.01 - rm load 25.07% - uptime 71.04m - remaining 212.39m
Ep 146 - ite 75649/300000 - reward 1 - eps 0.55 - loss 0.01 - rm load 25.22% - uptime 71.49m - remaining 212.02m
Ep 147 - ite 76170/300000 - reward 1 - eps 0.54 - loss 0.01 - rm load 25.39% - uptime 72.00m - remaining 211.58m
Ep 148 - ite 76695/300000 - reward 1 - eps 0.54 - loss 0.02 - rm load 25.57% - uptime 72.53m - remaining 211.17m
Ep 149 - ite 77330/300000 - reward 2 - eps 0.54 - loss 0.02 - rm load 25.78% - uptime 73.09m - remaining 210.45m
Ep 150 - ite 77851/300000 - reward 1 - eps 0.53 - loss 0.01 - rm load 25.95% - uptime 73.60m - remaining 210.01m
Ep 151 - ite 78186/300000 - reward 0 - eps 0.53 - loss 0.01 - rm load 26.06% - uptime 73.93m - remaining 209.73m
Ep 152 - ite 78821/300000 - reward 2 - eps 0.53 - loss 0.02 - rm load 26.27% - uptime 74.56m - remaining 209.21m
Ep 153 - ite 79156/300000 - reward 0 - eps 0.53 - loss 0.02 - rm load 26.39% - uptime 74.89m - remaining 208.94m
Ep 154 - ite 79491/300000 - reward 0 - eps 0.52 - loss 0.02 - rm load 26.50% - uptime 75.22m - remaining 208.67m
Ep 155 - ite 80012/300000 - reward 1 - eps 0.52 - loss 0.01 - rm load 26.67% - uptime 75.74m - remaining 208.25m
Ep 156 - ite 80347/300000 - reward 0 - eps 0.52 - loss 0.02 - rm load 26.78% - uptime 76.08m - remaining 207.99m
Ep 157 - ite 80868/300000 - reward 1 - eps 0.51 - loss 0.02 - rm load 26.96% - uptime 76.60m - remaining 207.57m
Ep 158 - ite 81511/300000 - reward 2 - eps 0.51 - loss 0.01 - rm load 27.17% - uptime 77.24m - remaining 207.04m
Ep 159 - ite 82032/300000 - reward 1 - eps 0.51 - loss 0.02 - rm load 27.34% - uptime 77.76m - remaining 206.63m
Ep 160 - ite 82553/300000 - reward 1 - eps 0.50 - loss 0.02 - rm load 27.52% - uptime 78.29m - remaining 206.21m
Ep 161 - ite 83282/300000 - reward 2 - eps 0.50 - loss 0.01 - rm load 27.76% - uptime 79.02m - remaining 205.62m
Ep 162 - ite 83803/300000 - reward 1 - eps 0.50 - loss 0.01 - rm load 27.93% - uptime 79.54m - remaining 205.20m
Ep 163 - ite 84552/300000 - reward 3 - eps 0.49 - loss 0.01 - rm load 28.18% - uptime 80.30m - remaining 204.61m
Ep 164 - ite 85001/300000 - reward 1 - eps 0.49 - loss 0.01 - rm load 28.33% - uptime 80.76m - remaining 204.27m
Ep 165 - ite 85450/300000 - reward 1 - eps 0.49 - loss 0.02 - rm load 28.48% - uptime 81.23m - remaining 203.95m
Ep 166 - ite 86085/300000 - reward 2 - eps 0.48 - loss 0.02 - rm load 28.70% - uptime 81.88m - remaining 203.46m
Ep 167 - ite 86420/300000 - reward 0 - eps 0.48 - loss 0.02 - rm load 28.81% - uptime 82.21m - remaining 203.19m
Ep 168 - ite 87139/300000 - reward 2 - eps 0.48 - loss 0.01 - rm load 29.05% - uptime 82.95m - remaining 202.62m
Ep 169 - ite 87660/300000 - reward 1 - eps 0.47 - loss 0.02 - rm load 29.22% - uptime 83.47m - remaining 202.20m
Ep 170 - ite 87995/300000 - reward 0 - eps 0.47 - loss 0.01 - rm load 29.33% - uptime 83.81m - remaining 201.91m
Ep 171 - ite 88330/300000 - reward 0 - eps 0.47 - loss 0.02 - rm load 29.44% - uptime 84.13m - remaining 201.61m
Ep 172 - ite 88983/300000 - reward 2 - eps 0.47 - loss 0.02 - rm load 29.66% - uptime 84.79m - remaining 201.06m
Ep 173 - ite 89618/300000 - reward 2 - eps 0.46 - loss 0.02 - rm load 29.87% - uptime 85.35m - remaining 200.37m
Ep 174 - ite 89953/300000 - reward 0 - eps 0.46 - loss 0.01 - rm load 29.98% - uptime 85.67m - remaining 200.04m
Ep 175 - ite 90588/300000 - reward 2 - eps 0.46 - loss 0.01 - rm load 30.20% - uptime 86.28m - remaining 199.45m
Ep 176 - ite 90923/300000 - reward 0 - eps 0.45 - loss 0.01 - rm load 30.31% - uptime 86.60m - remaining 199.14m
Ep 177 - ite 91558/300000 - reward 2 - eps 0.45 - loss 0.02 - rm load 30.52% - uptime 87.22m - remaining 198.56m
Ep 178 - ite 92307/300000 - reward 3 - eps 0.45 - loss 0.02 - rm load 30.77% - uptime 87.94m - remaining 197.88m
Ep 179 - ite 92828/300000 - reward 1 - eps 0.44 - loss 0.02 - rm load 30.94% - uptime 88.45m - remaining 197.41m
Ep 180 - ite 93737/300000 - reward 3 - eps 0.44 - loss 0.02 - rm load 31.25% - uptime 89.35m - remaining 196.61m
Ep 181 - ite 94258/300000 - reward 1 - eps 0.43 - loss 0.02 - rm load 31.42% - uptime 89.86m - remaining 196.14m
Ep 182 - ite 94593/300000 - reward 0 - eps 0.43 - loss 0.02 - rm load 31.53% - uptime 90.19m - remaining 195.85m
Ep 183 - ite 94928/300000 - reward 0 - eps 0.43 - loss 0.01 - rm load 31.64% - uptime 90.53m - remaining 195.56m
Ep 184 - ite 95455/300000 - reward 1 - eps 0.43 - loss 0.01 - rm load 31.82% - uptime 91.05m - remaining 195.11m
Ep 185 - ite 96176/300000 - reward 2 - eps 0.42 - loss 0.02 - rm load 32.06% - uptime 91.76m - remaining 194.47m
Ep 186 - ite 96933/300000 - reward 3 - eps 0.42 - loss 0.01 - rm load 32.31% - uptime 92.51m - remaining 193.80m
Ep 187 - ite 97460/300000 - reward 1 - eps 0.42 - loss 0.01 - rm load 32.49% - uptime 93.02m - remaining 193.32m
Ep 188 - ite 98099/300000 - reward 2 - eps 0.41 - loss 0.02 - rm load 32.70% - uptime 93.67m - remaining 192.78m
Ep 189 - ite 98620/300000 - reward 1 - eps 0.41 - loss 0.01 - rm load 32.87% - uptime 94.20m - remaining 192.36m
Ep 190 - ite 99841/300000 - reward 5 - eps 0.40 - loss 0.01 - rm load 33.28% - uptime 95.43m - remaining 191.31m
Ep 191 - ite 100362/300000 - reward 1 - eps 0.40 - loss 0.02 - rm load 33.45% - uptime 95.95m - remaining 190.86m
Ep 192 - ite 100697/300000 - reward 0 - eps 0.40 - loss 0.02 - rm load 33.57% - uptime 96.28m - remaining 190.57m
Ep 193 - ite 101332/300000 - reward 2 - eps 0.39 - loss 0.01 - rm load 33.78% - uptime 96.92m - remaining 190.02m
Ep 194 - ite 101784/300000 - reward 1 - eps 0.39 - loss 0.01 - rm load 33.93% - uptime 97.38m - remaining 189.63m
Ep 195 - ite 102305/300000 - reward 1 - eps 0.39 - loss 0.02 - rm load 34.10% - uptime 97.90m - remaining 189.19m
Ep 196 - ite 103144/300000 - reward 3 - eps 0.38 - loss 0.02 - rm load 34.38% - uptime 98.74m - remaining 188.45m
Ep 197 - ite 103671/300000 - reward 1 - eps 0.38 - loss 0.02 - rm load 34.56% - uptime 99.27m - remaining 187.99m
Ep 198 - ite 104204/300000 - reward 1 - eps 0.37 - loss 0.01 - rm load 34.73% - uptime 99.80m - remaining 187.52m
Ep 199 - ite 104725/300000 - reward 1 - eps 0.37 - loss 0.01 - rm load 34.91% - uptime 100.33m - remaining 187.08m
Ep 200 - ite 105174/300000 - reward 1 - eps 0.37 - loss 0.01 - rm load 35.06% - uptime 100.78m - remaining 186.68m
Ep 201 - ite 105509/300000 - reward 0 - eps 0.37 - loss 0.02 - rm load 35.17% - uptime 101.11m - remaining 186.39m
Ep 202 - ite 105844/300000 - reward 0 - eps 0.36 - loss 0.01 - rm load 35.28% - uptime 101.46m - remaining 186.11m
Ep 203 - ite 106179/300000 - reward 0 - eps 0.36 - loss 0.01 - rm load 35.39% - uptime 101.80m - remaining 185.82m
Ep 204 - ite 106514/300000 - reward 0 - eps 0.36 - loss 0.02 - rm load 35.50% - uptime 102.13m - remaining 185.52m
Ep 205 - ite 107149/300000 - reward 2 - eps 0.36 - loss 0.01 - rm load 35.72% - uptime 102.76m - remaining 184.95m
Ep 206 - ite 107670/300000 - reward 1 - eps 0.35 - loss 0.02 - rm load 35.89% - uptime 103.29m - remaining 184.50m
Ep 207 - ite 108583/300000 - reward 3 - eps 0.35 - loss 0.01 - rm load 36.19% - uptime 104.21m - remaining 183.70m
Ep 208 - ite 108918/300000 - reward 0 - eps 0.35 - loss 0.01 - rm load 36.31% - uptime 104.55m - remaining 183.41m
Ep 209 - ite 109253/300000 - reward 0 - eps 0.34 - loss 0.01 - rm load 36.42% - uptime 104.89m - remaining 183.12m
Ep 210 - ite 109588/300000 - reward 0 - eps 0.34 - loss 0.02 - rm load 36.53% - uptime 105.22m - remaining 182.83m
Ep 211 - ite 110111/300000 - reward 1 - eps 0.34 - loss 0.01 - rm load 36.70% - uptime 105.75m - remaining 182.37m
Ep 212 - ite 110748/300000 - reward 2 - eps 0.34 - loss 0.01 - rm load 36.92% - uptime 106.39m - remaining 181.81m
Ep 213 - ite 111499/300000 - reward 3 - eps 0.33 - loss 0.02 - rm load 37.17% - uptime 107.15m - remaining 181.15m
Ep 214 - ite 112032/300000 - reward 1 - eps 0.33 - loss 0.01 - rm load 37.34% - uptime 107.63m - remaining 180.59m
Ep 215 - ite 112553/300000 - reward 1 - eps 0.32 - loss 0.03 - rm load 37.52% - uptime 108.13m - remaining 180.08m
Ep 216 - ite 113082/300000 - reward 1 - eps 0.32 - loss 0.02 - rm load 37.69% - uptime 108.65m - remaining 179.59m
Ep 217 - ite 113417/300000 - reward 0 - eps 0.32 - loss 0.01 - rm load 37.81% - uptime 108.99m - remaining 179.30m
Ep 218 - ite 113752/300000 - reward 0 - eps 0.32 - loss 0.02 - rm load 37.92% - uptime 109.32m - remaining 178.99m
Ep 219 - ite 114201/300000 - reward 1 - eps 0.31 - loss 0.01 - rm load 38.07% - uptime 109.77m - remaining 178.59m
Ep 220 - ite 115140/300000 - reward 4 - eps 0.31 - loss 0.01 - rm load 38.38% - uptime 110.72m - remaining 177.76m
Ep 221 - ite 115475/300000 - reward 0 - eps 0.31 - loss 0.02 - rm load 38.49% - uptime 111.05m - remaining 177.45m
Ep 222 - ite 116188/300000 - reward 2 - eps 0.30 - loss 0.02 - rm load 38.73% - uptime 111.76m - remaining 176.81m
Ep 223 - ite 116523/300000 - reward 0 - eps 0.30 - loss 0.01 - rm load 38.84% - uptime 112.10m - remaining 176.51m
Ep 224 - ite 117274/300000 - reward 3 - eps 0.30 - loss 0.02 - rm load 39.09% - uptime 112.85m - remaining 175.83m
Ep 225 - ite 117609/300000 - reward 0 - eps 0.29 - loss 0.02 - rm load 39.20% - uptime 113.18m - remaining 175.52m
Ep 226 - ite 118058/300000 - reward 1 - eps 0.29 - loss 0.01 - rm load 39.35% - uptime 113.62m - remaining 175.11m
Ep 227 - ite 118393/300000 - reward 0 - eps 0.29 - loss 0.02 - rm load 39.46% - uptime 113.95m - remaining 174.80m
Ep 228 - ite 118914/300000 - reward 1 - eps 0.29 - loss 0.02 - rm load 39.64% - uptime 114.47m - remaining 174.32m
Ep 229 - ite 119443/300000 - reward 1 - eps 0.28 - loss 0.02 - rm load 39.81% - uptime 114.98m - remaining 173.81m
Ep 230 - ite 119892/300000 - reward 1 - eps 0.28 - loss 0.01 - rm load 39.96% - uptime 115.43m - remaining 173.41m
Ep 231 - ite 120227/300000 - reward 0 - eps 0.28 - loss 0.01 - rm load 40.08% - uptime 115.78m - remaining 173.13m
Ep 232 - ite 120946/300000 - reward 2 - eps 0.27 - loss 0.02 - rm load 40.32% - uptime 116.53m - remaining 172.52m
Ep 233 - ite 121509/300000 - reward 2 - eps 0.27 - loss 0.02 - rm load 40.50% - uptime 117.12m - remaining 172.04m
Ep 234 - ite 122146/300000 - reward 2 - eps 0.27 - loss 0.02 - rm load 40.72% - uptime 117.77m - remaining 171.49m
Ep 235 - ite 122481/300000 - reward 0 - eps 0.27 - loss 0.02 - rm load 40.83% - uptime 118.11m - remaining 171.18m
Ep 236 - ite 123116/300000 - reward 2 - eps 0.26 - loss 0.02 - rm load 41.04% - uptime 118.76m - remaining 170.62m
Ep 237 - ite 123451/300000 - reward 0 - eps 0.26 - loss 0.01 - rm load 41.15% - uptime 119.11m - remaining 170.34m
Ep 238 - ite 123786/300000 - reward 0 - eps 0.26 - loss 0.01 - rm load 41.26% - uptime 119.46m - remaining 170.05m
Ep 239 - ite 124121/300000 - reward 0 - eps 0.26 - loss 0.01 - rm load 41.37% - uptime 119.80m - remaining 169.75m
Ep 240 - ite 124654/300000 - reward 1 - eps 0.25 - loss 0.01 - rm load 41.55% - uptime 120.35m - remaining 169.30m
Ep 241 - ite 125529/300000 - reward 4 - eps 0.25 - loss 0.02 - rm load 41.84% - uptime 121.25m - remaining 168.53m
Ep 242 - ite 126166/300000 - reward 2 - eps 0.24 - loss 0.01 - rm load 42.06% - uptime 121.91m - remaining 167.98m
Ep 243 - ite 126501/300000 - reward 0 - eps 0.24 - loss 0.01 - rm load 42.17% - uptime 122.26m - remaining 167.68m
Ep 244 - ite 126950/300000 - reward 1 - eps 0.24 - loss 0.02 - rm load 42.32% - uptime 122.71m - remaining 167.27m
Ep 245 - ite 127285/300000 - reward 0 - eps 0.24 - loss 0.01 - rm load 42.43% - uptime 123.05m - remaining 166.96m
Ep 246 - ite 127812/300000 - reward 1 - eps 0.23 - loss 0.02 - rm load 42.60% - uptime 123.59m - remaining 166.50m
Ep 247 - ite 128261/300000 - reward 1 - eps 0.23 - loss 0.02 - rm load 42.75% - uptime 124.04m - remaining 166.09m
Ep 248 - ite 128898/300000 - reward 2 - eps 0.23 - loss 0.01 - rm load 42.97% - uptime 124.69m - remaining 165.52m
Ep 249 - ite 129927/300000 - reward 4 - eps 0.22 - loss 0.02 - rm load 43.31% - uptime 125.74m - remaining 164.59m
Ep 250 - ite 130448/300000 - reward 1 - eps 0.22 - loss 0.02 - rm load 43.48% - uptime 126.27m - remaining 164.12m
Ep 251 - ite 130969/300000 - reward 1 - eps 0.21 - loss 0.02 - rm load 43.66% - uptime 126.81m - remaining 163.67m
Ep 252 - ite 131304/300000 - reward 0 - eps 0.21 - loss 0.01 - rm load 43.77% - uptime 127.16m - remaining 163.37m
Ep 253 - ite 131827/300000 - reward 1 - eps 0.21 - loss 0.01 - rm load 43.94% - uptime 127.69m - remaining 162.90m
Ep 254 - ite 132728/300000 - reward 3 - eps 0.20 - loss 0.02 - rm load 44.24% - uptime 128.61m - remaining 162.09m
Ep 255 - ite 133182/300000 - reward 1 - eps 0.20 - loss 0.01 - rm load 44.39% - uptime 129.07m - remaining 161.67m
/home/ranvier_thomas_pro/.local/lib/python3.5/site-packages/torch/serialization.py:292: UserWarning: Couldn't retrieve source code for container of type Net. It won't be checked for correctness upon loading.
  "type " + obj.__name__ + ". It won't be checked "
/home/ranvier_thomas_pro/.local/lib/python3.5/site-packages/torch/serialization.py:292: UserWarning: Couldn't retrieve source code for container of type Conv2d. It won't be checked for correctness upon loading.
  "type " + obj.__name__ + ". It won't be checked "
/home/ranvier_thomas_pro/.local/lib/python3.5/site-packages/torch/serialization.py:292: UserWarning: Couldn't retrieve source code for container of type Linear. It won't be checked for correctness upon loading.
  "type " + obj.__name__ + ". It won't be checked "
Traceback (most recent call last):
  File "main.py", line 53, in <module>
    epsilon_y, episode_loss, iterations, episode_reward = agent.run_episode()
  File "/home/ranvier_thomas_pro/deep_rl_project/atari/agent.py", line 162, in run_episode
    self._optimize_model()
  File "/home/ranvier_thomas_pro/deep_rl_project/atari/agent.py", line 38, in _optimize_model
    q_values = torch.sum(self._policy_net(state_batch) * action_batch, dim=1)
  File "/home/ranvier_thomas_pro/.local/lib/python3.5/site-packages/torch/nn/modules/module.py", line 541, in __call__
    result = self.forward(*input, **kwargs)
  File "/home/ranvier_thomas_pro/deep_rl_project/atari/net.py", line 26, in forward
    x = self.conv_1(x)
  File "/home/ranvier_thomas_pro/.local/lib/python3.5/site-packages/torch/nn/modules/module.py", line 541, in __call__
    result = self.forward(*input, **kwargs)
  File "/home/ranvier_thomas_pro/.local/lib/python3.5/site-packages/torch/nn/modules/conv.py", line 345, in forward
    return self.conv2d_forward(input, self.weight)
  File "/home/ranvier_thomas_pro/.local/lib/python3.5/site-packages/torch/nn/modules/conv.py", line 342, in conv2d_forward
    self.padding, self.dilation, self.groups)
RuntimeError: [enforce fail at CPUAllocator.cpp:64] . DefaultCPUAllocator: can't allocate memory: you tried to allocate 26214400 bytes. Error code 12 (Cannot allocate memory)

